<?xml version="1.0" encoding="UTF-8"?>
<!-- Generated by org.testng.reporters.JUnitXMLReporter -->
<testsuite ignored="0" hostname="AkshayHP" failures="0" tests="5" name="Test" time="112.519" errors="0" timestamp="2024-04-28T23:47:45 IST">
  <testcase classname="testnpractice.Crossbrowsertrial" name="@BeforeMethod setupMethod" time="-1.714328264628E9">
    <failure type="org.testng.TestNGException" message="
Parameter &amp;apos;browserName&amp;apos; is required by BeforeMethod on method setupMethod but has not been marked @Optional or defined
in D:\Eclipse_Workspace\Cybage2023\Practice\testng.xml">
      <![CDATA[org.testng.TestNGException: 
Parameter 'browserName' is required by BeforeMethod on method setupMethod but has not been marked @Optional or defined
in D:\Eclipse_Workspace\Cybage2023\Practice\testng.xml
at java.base/java.util.ArrayList.forEach(ArrayList.java:1540)
... Removed 28 stack frames]]>
    </failure>
  </testcase> <!-- @BeforeMethod setupMethod -->
  <testcase classname="testnpractice.TC001_VerifyLoginFunctionality" name="login_function" time="0.039"/>
  <testcase classname="testnpractice.loginfunctionality" name="checkpoint" time="24.489"/>
  <testcase classname="testnpractice.TC003_VerifyLogoutFunctionality" name="logoutfunctionality" time="0.366"/>
  <testcase classname="testnpractice.TC002_verifyaddtocart" name="addtocart" time="0.871"/>
  <testcase classname="testnpractice.Crossbrowsertrial" name="executioncrossbrowser" time="0.0">
    <skipped/>
  </testcase> <!-- executioncrossbrowser -->
</testsuite> <!-- Test -->
