<?xml version="1.0" encoding="UTF-8"?>
<testng-results ignored="0" total="5" passed="4" failed="0" skipped="1">
  <reporter-output>
  </reporter-output>
  <suite started-at="2024-04-28T23:45:52 IST" name="Suite" finished-at="2024-04-28T23:47:44 IST" duration-ms="112519">
    <groups>
    </groups>
    <test started-at="2024-04-28T23:45:52 IST" name="Test" finished-at="2024-04-28T23:47:44 IST" duration-ms="112519">
      <class name="testnpractice.loginfunctionality">
        <test-method signature="checkpoint()[pri:0, instance:testnpractice.loginfunctionality@1af2d44a]" started-at="2024-04-28T23:46:19 IST" name="checkpoint" finished-at="2024-04-28T23:46:44 IST" duration-ms="24489" status="PASS">
          <reporter-output>
          </reporter-output>
        </test-method> <!-- checkpoint -->
      </class> <!-- testnpractice.loginfunctionality -->
      <class name="testnpractice.TC003_VerifyLogoutFunctionality">
        <test-method is-config="true" signature="setUpMethod()[pri:0, instance:testnpractice.TC003_VerifyLogoutFunctionality@18d87d80]" started-at="2024-04-28T23:46:44 IST" name="setUpMethod" finished-at="2024-04-28T23:47:00 IST" duration-ms="15975" status="PASS">
          <reporter-output>
          </reporter-output>
        </test-method> <!-- setUpMethod -->
        <test-method signature="logoutfunctionality()[pri:0, instance:testnpractice.TC003_VerifyLogoutFunctionality@18d87d80]" started-at="2024-04-28T23:47:00 IST" name="logoutfunctionality" finished-at="2024-04-28T23:47:00 IST" duration-ms="366" status="PASS">
          <reporter-output>
          </reporter-output>
        </test-method> <!-- logoutfunctionality -->
      </class> <!-- testnpractice.TC003_VerifyLogoutFunctionality -->
      <class name="testnpractice.TC002_verifyaddtocart">
        <test-method is-config="true" signature="setUpMethod()[pri:0, instance:testnpractice.TC002_verifyaddtocart@618425b5]" started-at="2024-04-28T23:47:00 IST" name="setUpMethod" finished-at="2024-04-28T23:47:43 IST" duration-ms="43119" status="PASS">
          <reporter-output>
          </reporter-output>
        </test-method> <!-- setUpMethod -->
        <test-method signature="addtocart()[pri:0, instance:testnpractice.TC002_verifyaddtocart@618425b5]" started-at="2024-04-28T23:47:43 IST" name="addtocart" finished-at="2024-04-28T23:47:44 IST" duration-ms="871" status="PASS">
          <reporter-output>
          </reporter-output>
        </test-method> <!-- addtocart -->
      </class> <!-- testnpractice.TC002_verifyaddtocart -->
      <class name="testnpractice.TC001_VerifyLoginFunctionality">
        <test-method is-config="true" signature="setUpMethod()[pri:0, instance:testnpractice.TC001_VerifyLoginFunctionality@1e683a3e]" started-at="2024-04-28T23:45:52 IST" name="setUpMethod" finished-at="2024-04-28T23:46:19 IST" duration-ms="27360" status="PASS">
          <reporter-output>
          </reporter-output>
        </test-method> <!-- setUpMethod -->
        <test-method signature="login_function()[pri:0, instance:testnpractice.TC001_VerifyLoginFunctionality@1e683a3e]" started-at="2024-04-28T23:46:19 IST" name="login_function" finished-at="2024-04-28T23:46:19 IST" duration-ms="39" status="PASS">
          <reporter-output>
          </reporter-output>
        </test-method> <!-- login_function -->
      </class> <!-- testnpractice.TC001_VerifyLoginFunctionality -->
      <class name="testnpractice.Crossbrowsertrial">
        <test-method is-config="true" signature="setupMethod(java.lang.String)[pri:0, instance:testnpractice.Crossbrowsertrial@58695725]" started-at="2024-04-28T23:47:44 IST" name="setupMethod" finished-at="1970-01-01T05:30:00 IST" duration-ms="-1714328264628" status="FAIL">
          <exception class="org.testng.TestNGException">
            <message>
              <![CDATA[
Parameter 'browserName' is required by BeforeMethod on method setupMethod but has not been marked @Optional or defined
in D:\Eclipse_Workspace\Cybage2023\Practice\testng.xml]]>
            </message>
            <full-stacktrace>
              <![CDATA[org.testng.TestNGException: 
Parameter 'browserName' is required by BeforeMethod on method setupMethod but has not been marked @Optional or defined
in D:\Eclipse_Workspace\Cybage2023\Practice\testng.xml
at org.testng.internal.Parameters.createParams(Parameters.java:270)
at org.testng.internal.Parameters.createParametersForMethod(Parameters.java:358)
at org.testng.internal.Parameters.createParameters(Parameters.java:700)
at org.testng.internal.Parameters.createConfigurationParameters(Parameters.java:168)
at org.testng.internal.ConfigInvoker.invokeConfigurations(ConfigInvoker.java:302)
at org.testng.internal.TestInvoker.runConfigMethods(TestInvoker.java:700)
at org.testng.internal.TestInvoker.invokeMethod(TestInvoker.java:527)
at org.testng.internal.TestInvoker.invokeTestMethod(TestInvoker.java:173)
at org.testng.internal.MethodRunner.runInSequence(MethodRunner.java:46)
at org.testng.internal.TestInvoker$MethodInvocationAgent.invoke(TestInvoker.java:824)
at org.testng.internal.TestInvoker.invokeTestMethods(TestInvoker.java:146)
at org.testng.internal.TestMethodWorker.invokeTestMethods(TestMethodWorker.java:146)
at org.testng.internal.TestMethodWorker.run(TestMethodWorker.java:128)
at java.base/java.util.ArrayList.forEach(ArrayList.java:1540)
at org.testng.TestRunner.privateRun(TestRunner.java:794)
at org.testng.TestRunner.run(TestRunner.java:596)
at org.testng.SuiteRunner.runTest(SuiteRunner.java:377)
at org.testng.SuiteRunner.runSequentially(SuiteRunner.java:371)
at org.testng.SuiteRunner.privateRun(SuiteRunner.java:332)
at org.testng.SuiteRunner.run(SuiteRunner.java:276)
at org.testng.SuiteRunnerWorker.runSuite(SuiteRunnerWorker.java:53)
at org.testng.SuiteRunnerWorker.run(SuiteRunnerWorker.java:96)
at org.testng.TestNG.runSuitesSequentially(TestNG.java:1212)
at org.testng.TestNG.runSuitesLocally(TestNG.java:1134)
at org.testng.TestNG.runSuites(TestNG.java:1063)
at org.testng.TestNG.run(TestNG.java:1031)
at org.testng.remote.AbstractRemoteTestNG.run(AbstractRemoteTestNG.java:115)
at org.testng.remote.RemoteTestNG.initAndRun(RemoteTestNG.java:251)
at org.testng.remote.RemoteTestNG.main(RemoteTestNG.java:77)
]]>
            </full-stacktrace>
          </exception> <!-- org.testng.TestNGException -->
          <reporter-output>
          </reporter-output>
        </test-method> <!-- setupMethod -->
        <test-method signature="executioncrossbrowser()[pri:0, instance:testnpractice.Crossbrowsertrial@58695725]" started-at="2024-04-28T23:47:44 IST" name="executioncrossbrowser" finished-at="2024-04-28T23:47:44 IST" duration-ms="0" status="SKIP">
          <exception class="org.testng.TestNGException">
            <message>
              <![CDATA[
Parameter 'browserName' is required by BeforeMethod on method setupMethod but has not been marked @Optional or defined
in D:\Eclipse_Workspace\Cybage2023\Practice\testng.xml]]>
            </message>
            <full-stacktrace>
              <![CDATA[org.testng.TestNGException: 
Parameter 'browserName' is required by BeforeMethod on method setupMethod but has not been marked @Optional or defined
in D:\Eclipse_Workspace\Cybage2023\Practice\testng.xml
at org.testng.internal.Parameters.createParams(Parameters.java:270)
at org.testng.internal.Parameters.createParametersForMethod(Parameters.java:358)
at org.testng.internal.Parameters.createParameters(Parameters.java:700)
at org.testng.internal.Parameters.createConfigurationParameters(Parameters.java:168)
at org.testng.internal.ConfigInvoker.invokeConfigurations(ConfigInvoker.java:302)
at org.testng.internal.TestInvoker.runConfigMethods(TestInvoker.java:700)
at org.testng.internal.TestInvoker.invokeMethod(TestInvoker.java:527)
at org.testng.internal.TestInvoker.invokeTestMethod(TestInvoker.java:173)
at org.testng.internal.MethodRunner.runInSequence(MethodRunner.java:46)
at org.testng.internal.TestInvoker$MethodInvocationAgent.invoke(TestInvoker.java:824)
at org.testng.internal.TestInvoker.invokeTestMethods(TestInvoker.java:146)
at org.testng.internal.TestMethodWorker.invokeTestMethods(TestMethodWorker.java:146)
at org.testng.internal.TestMethodWorker.run(TestMethodWorker.java:128)
at java.base/java.util.ArrayList.forEach(ArrayList.java:1540)
at org.testng.TestRunner.privateRun(TestRunner.java:794)
at org.testng.TestRunner.run(TestRunner.java:596)
at org.testng.SuiteRunner.runTest(SuiteRunner.java:377)
at org.testng.SuiteRunner.runSequentially(SuiteRunner.java:371)
at org.testng.SuiteRunner.privateRun(SuiteRunner.java:332)
at org.testng.SuiteRunner.run(SuiteRunner.java:276)
at org.testng.SuiteRunnerWorker.runSuite(SuiteRunnerWorker.java:53)
at org.testng.SuiteRunnerWorker.run(SuiteRunnerWorker.java:96)
at org.testng.TestNG.runSuitesSequentially(TestNG.java:1212)
at org.testng.TestNG.runSuitesLocally(TestNG.java:1134)
at org.testng.TestNG.runSuites(TestNG.java:1063)
at org.testng.TestNG.run(TestNG.java:1031)
at org.testng.remote.AbstractRemoteTestNG.run(AbstractRemoteTestNG.java:115)
at org.testng.remote.RemoteTestNG.initAndRun(RemoteTestNG.java:251)
at org.testng.remote.RemoteTestNG.main(RemoteTestNG.java:77)
]]>
            </full-stacktrace>
          </exception> <!-- org.testng.TestNGException -->
          <reporter-output>
          </reporter-output>
        </test-method> <!-- executioncrossbrowser -->
      </class> <!-- testnpractice.Crossbrowsertrial -->
    </test> <!-- Test -->
  </suite> <!-- Suite -->
</testng-results>
